The system is: Linux - 3.17.3-200.fc20.i686 - i686
Compiling the C compiler identification source file "CMakeCCompilerId.c" succeeded.
Compiler: /usr/bin/cc 
Build flags: 
Id flags: 

The output was:
0


Compilation of the C compiler identification source "CMakeCCompilerId.c" produced "a.out"

The C compiler identification is GNU, found in "/home/nelson/cpp/smart pointers/unique_pointer_v2/build/CMakeFiles/2.8.12.2/CompilerIdC/a.out"

Compiling the CXX compiler identification source file "CMakeCXXCompilerId.cpp" succeeded.
Compiler: /usr/bin/c++ 
Build flags: 
Id flags: 

The output was:
0


Compilation of the CXX compiler identification source "CMakeCXXCompilerId.cpp" produced "a.out"

The CXX compiler identification is GNU, found in "/home/nelson/cpp/smart pointers/unique_pointer_v2/build/CMakeFiles/2.8.12.2/CompilerIdCXX/a.out"

Determining if the C compiler works passed with the following output:
Change Dir: /home/nelson/cpp/smart pointers/unique_pointer_v2/build/CMakeFiles/CMakeTmp

Run Build Command:/usr/bin/gmake "cmTryCompileExec1719882186/fast"
/usr/bin/gmake -f CMakeFiles/cmTryCompileExec1719882186.dir/build.make CMakeFiles/cmTryCompileExec1719882186.dir/build
gmake[1]: Entering directory `/home/nelson/cpp/smart pointers/unique_pointer_v2/build/CMakeFiles/CMakeTmp'
/usr/bin/cmake -E cmake_progress_report "/home/nelson/cpp/smart pointers/unique_pointer_v2/build/CMakeFiles/CMakeTmp/CMakeFiles" 1
Building C object CMakeFiles/cmTryCompileExec1719882186.dir/testCCompiler.c.o
/usr/bin/cc    -o CMakeFiles/cmTryCompileExec1719882186.dir/testCCompiler.c.o   -c "/home/nelson/cpp/smart pointers/unique_pointer_v2/build/CMakeFiles/CMakeTmp/testCCompiler.c"
Linking C executable cmTryCompileExec1719882186
/usr/bin/cmake -E cmake_link_script CMakeFiles/cmTryCompileExec1719882186.dir/link.txt --verbose=1
/usr/bin/cc       CMakeFiles/cmTryCompileExec1719882186.dir/testCCompiler.c.o  -o cmTryCompileExec1719882186 -rdynamic 
gmake[1]: Leaving directory `/home/nelson/cpp/smart pointers/unique_pointer_v2/build/CMakeFiles/CMakeTmp'


Detecting C compiler ABI info compiled with the following output:
Change Dir: /home/nelson/cpp/smart pointers/unique_pointer_v2/build/CMakeFiles/CMakeTmp

Run Build Command:/usr/bin/gmake "cmTryCompileExec2274071540/fast"
/usr/bin/gmake -f CMakeFiles/cmTryCompileExec2274071540.dir/build.make CMakeFiles/cmTryCompileExec2274071540.dir/build
gmake[1]: Entering directory `/home/nelson/cpp/smart pointers/unique_pointer_v2/build/CMakeFiles/CMakeTmp'
/usr/bin/cmake -E cmake_progress_report "/home/nelson/cpp/smart pointers/unique_pointer_v2/build/CMakeFiles/CMakeTmp/CMakeFiles" 1
Building C object CMakeFiles/cmTryCompileExec2274071540.dir/CMakeCCompilerABI.c.o
/usr/bin/cc    -o CMakeFiles/cmTryCompileExec2274071540.dir/CMakeCCompilerABI.c.o   -c /usr/share/cmake/Modules/CMakeCCompilerABI.c
Linking C executable cmTryCompileExec2274071540
/usr/bin/cmake -E cmake_link_script CMakeFiles/cmTryCompileExec2274071540.dir/link.txt --verbose=1
/usr/bin/cc     -v CMakeFiles/cmTryCompileExec2274071540.dir/CMakeCCompilerABI.c.o  -o cmTryCompileExec2274071540 -rdynamic  
Using built-in specs.
COLLECT_GCC=/usr/bin/cc
COLLECT_LTO_WRAPPER=/usr/libexec/gcc/i686-redhat-linux/4.8.3/lto-wrapper
Target: i686-redhat-linux
Configured with: ../configure --prefix=/usr --mandir=/usr/share/man --infodir=/usr/share/info --with-bugurl=http://bugzilla.redhat.com/bugzilla --enable-bootstrap --enable-shared --enable-threads=posix --enable-checking=release --with-system-zlib --enable-__cxa_atexit --disable-libunwind-exceptions --enable-gnu-unique-object --enable-linker-build-id --with-linker-hash-style=gnu --enable-languages=c,c++,objc,obj-c++,java,fortran,ada,go,lto --enable-plugin --enable-initfini-array --enable-java-awt=gtk --disable-dssi --with-java-home=/usr/lib/jvm/java-1.5.0-gcj-1.5.0.0/jre --enable-libgcj-multifile --enable-java-maintainer-mode --with-ecj-jar=/usr/share/java/eclipse-ecj.jar --disable-libjava-multilib --with-isl=/builddir/build/BUILD/gcc-4.8.3-20140911/obj-i686-redhat-linux/isl-install --with-cloog=/builddir/build/BUILD/gcc-4.8.3-20140911/obj-i686-redhat-linux/cloog-install --with-tune=generic --with-arch=i686 --build=i686-redhat-linux
Thread model: posix
gcc version 4.8.3 20140911 (Red Hat 4.8.3-7) (GCC) 
COMPILER_PATH=/usr/libexec/gcc/i686-redhat-linux/4.8.3/:/usr/libexec/gcc/i686-redhat-linux/4.8.3/:/usr/libexec/gcc/i686-redhat-linux/:/usr/lib/gcc/i686-redhat-linux/4.8.3/:/usr/lib/gcc/i686-redhat-linux/
LIBRARY_PATH=/usr/lib/gcc/i686-redhat-linux/4.8.3/:/usr/lib/gcc/i686-redhat-linux/4.8.3/../../../:/lib/:/usr/lib/
COLLECT_GCC_OPTIONS='-v' '-o' 'cmTryCompileExec2274071540' '-rdynamic' '-mtune=generic' '-march=i686'
 /usr/libexec/gcc/i686-redhat-linux/4.8.3/collect2 --build-id --no-add-needed --eh-frame-hdr --hash-style=gnu -m elf_i386 -export-dynamic -dynamic-linker /lib/ld-linux.so.2 -o cmTryCompileExec2274071540 /usr/lib/gcc/i686-redhat-linux/4.8.3/../../../crt1.o /usr/lib/gcc/i686-redhat-linux/4.8.3/../../../crti.o /usr/lib/gcc/i686-redhat-linux/4.8.3/crtbegin.o -L/usr/lib/gcc/i686-redhat-linux/4.8.3 -L/usr/lib/gcc/i686-redhat-linux/4.8.3/../../.. CMakeFiles/cmTryCompileExec2274071540.dir/CMakeCCompilerABI.c.o -lgcc --as-needed -lgcc_s --no-as-needed -lc -lgcc --as-needed -lgcc_s --no-as-needed /usr/lib/gcc/i686-redhat-linux/4.8.3/crtend.o /usr/lib/gcc/i686-redhat-linux/4.8.3/../../../crtn.o
gmake[1]: Leaving directory `/home/nelson/cpp/smart pointers/unique_pointer_v2/build/CMakeFiles/CMakeTmp'


Parsed C implicit link information from above output:
  link line regex: [^( *|.*[/\])(ld|([^/\]+-)?ld|collect2)[^/\]*( |$)]
  ignore line: [Change Dir: /home/nelson/cpp/smart pointers/unique_pointer_v2/build/CMakeFiles/CMakeTmp]
  ignore line: []
  ignore line: [Run Build Command:/usr/bin/gmake "cmTryCompileExec2274071540/fast"]
  ignore line: [/usr/bin/gmake -f CMakeFiles/cmTryCompileExec2274071540.dir/build.make CMakeFiles/cmTryCompileExec2274071540.dir/build]
  ignore line: [gmake[1]: Entering directory `/home/nelson/cpp/smart pointers/unique_pointer_v2/build/CMakeFiles/CMakeTmp']
  ignore line: [/usr/bin/cmake -E cmake_progress_report "/home/nelson/cpp/smart pointers/unique_pointer_v2/build/CMakeFiles/CMakeTmp/CMakeFiles" 1]
  ignore line: [Building C object CMakeFiles/cmTryCompileExec2274071540.dir/CMakeCCompilerABI.c.o]
  ignore line: [/usr/bin/cc    -o CMakeFiles/cmTryCompileExec2274071540.dir/CMakeCCompilerABI.c.o   -c /usr/share/cmake/Modules/CMakeCCompilerABI.c]
  ignore line: [Linking C executable cmTryCompileExec2274071540]
  ignore line: [/usr/bin/cmake -E cmake_link_script CMakeFiles/cmTryCompileExec2274071540.dir/link.txt --verbose=1]
  ignore line: [/usr/bin/cc     -v CMakeFiles/cmTryCompileExec2274071540.dir/CMakeCCompilerABI.c.o  -o cmTryCompileExec2274071540 -rdynamic  ]
  ignore line: [Using built-in specs.]
  ignore line: [COLLECT_GCC=/usr/bin/cc]
  ignore line: [COLLECT_LTO_WRAPPER=/usr/libexec/gcc/i686-redhat-linux/4.8.3/lto-wrapper]
  ignore line: [Target: i686-redhat-linux]
  ignore line: [Configured with: ../configure --prefix=/usr --mandir=/usr/share/man --infodir=/usr/share/info --with-bugurl=http://bugzilla.redhat.com/bugzilla --enable-bootstrap --enable-shared --enable-threads=posix --enable-checking=release --with-system-zlib --enable-__cxa_atexit --disable-libunwind-exceptions --enable-gnu-unique-object --enable-linker-build-id --with-linker-hash-style=gnu --enable-languages=c,c++,objc,obj-c++,java,fortran,ada,go,lto --enable-plugin --enable-initfini-array --enable-java-awt=gtk --disable-dssi --with-java-home=/usr/lib/jvm/java-1.5.0-gcj-1.5.0.0/jre --enable-libgcj-multifile --enable-java-maintainer-mode --with-ecj-jar=/usr/share/java/eclipse-ecj.jar --disable-libjava-multilib --with-isl=/builddir/build/BUILD/gcc-4.8.3-20140911/obj-i686-redhat-linux/isl-install --with-cloog=/builddir/build/BUILD/gcc-4.8.3-20140911/obj-i686-redhat-linux/cloog-install --with-tune=generic --with-arch=i686 --build=i686-redhat-linux]
  ignore line: [Thread model: posix]
  ignore line: [gcc version 4.8.3 20140911 (Red Hat 4.8.3-7) (GCC) ]
  ignore line: [COMPILER_PATH=/usr/libexec/gcc/i686-redhat-linux/4.8.3/:/usr/libexec/gcc/i686-redhat-linux/4.8.3/:/usr/libexec/gcc/i686-redhat-linux/:/usr/lib/gcc/i686-redhat-linux/4.8.3/:/usr/lib/gcc/i686-redhat-linux/]
  ignore line: [LIBRARY_PATH=/usr/lib/gcc/i686-redhat-linux/4.8.3/:/usr/lib/gcc/i686-redhat-linux/4.8.3/../../../:/lib/:/usr/lib/]
  ignore line: [COLLECT_GCC_OPTIONS='-v' '-o' 'cmTryCompileExec2274071540' '-rdynamic' '-mtune=generic' '-march=i686']
  link line: [ /usr/libexec/gcc/i686-redhat-linux/4.8.3/collect2 --build-id --no-add-needed --eh-frame-hdr --hash-style=gnu -m elf_i386 -export-dynamic -dynamic-linker /lib/ld-linux.so.2 -o cmTryCompileExec2274071540 /usr/lib/gcc/i686-redhat-linux/4.8.3/../../../crt1.o /usr/lib/gcc/i686-redhat-linux/4.8.3/../../../crti.o /usr/lib/gcc/i686-redhat-linux/4.8.3/crtbegin.o -L/usr/lib/gcc/i686-redhat-linux/4.8.3 -L/usr/lib/gcc/i686-redhat-linux/4.8.3/../../.. CMakeFiles/cmTryCompileExec2274071540.dir/CMakeCCompilerABI.c.o -lgcc --as-needed -lgcc_s --no-as-needed -lc -lgcc --as-needed -lgcc_s --no-as-needed /usr/lib/gcc/i686-redhat-linux/4.8.3/crtend.o /usr/lib/gcc/i686-redhat-linux/4.8.3/../../../crtn.o]
    arg [/usr/libexec/gcc/i686-redhat-linux/4.8.3/collect2] ==> ignore
    arg [--build-id] ==> ignore
    arg [--no-add-needed] ==> ignore
    arg [--eh-frame-hdr] ==> ignore
    arg [--hash-style=gnu] ==> ignore
    arg [-m] ==> ignore
    arg [elf_i386] ==> ignore
    arg [-export-dynamic] ==> ignore
    arg [-dynamic-linker] ==> ignore
    arg [/lib/ld-linux.so.2] ==> ignore
    arg [-o] ==> ignore
    arg [cmTryCompileExec2274071540] ==> ignore
    arg [/usr/lib/gcc/i686-redhat-linux/4.8.3/../../../crt1.o] ==> ignore
    arg [/usr/lib/gcc/i686-redhat-linux/4.8.3/../../../crti.o] ==> ignore
    arg [/usr/lib/gcc/i686-redhat-linux/4.8.3/crtbegin.o] ==> ignore
    arg [-L/usr/lib/gcc/i686-redhat-linux/4.8.3] ==> dir [/usr/lib/gcc/i686-redhat-linux/4.8.3]
    arg [-L/usr/lib/gcc/i686-redhat-linux/4.8.3/../../..] ==> dir [/usr/lib/gcc/i686-redhat-linux/4.8.3/../../..]
    arg [CMakeFiles/cmTryCompileExec2274071540.dir/CMakeCCompilerABI.c.o] ==> ignore
    arg [-lgcc] ==> lib [gcc]
    arg [--as-needed] ==> ignore
    arg [-lgcc_s] ==> lib [gcc_s]
    arg [--no-as-needed] ==> ignore
    arg [-lc] ==> lib [c]
    arg [-lgcc] ==> lib [gcc]
    arg [--as-needed] ==> ignore
    arg [-lgcc_s] ==> lib [gcc_s]
    arg [--no-as-needed] ==> ignore
    arg [/usr/lib/gcc/i686-redhat-linux/4.8.3/crtend.o] ==> ignore
    arg [/usr/lib/gcc/i686-redhat-linux/4.8.3/../../../crtn.o] ==> ignore
  remove lib [gcc]
  remove lib [gcc_s]
  remove lib [gcc]
  remove lib [gcc_s]
  collapse library dir [/usr/lib/gcc/i686-redhat-linux/4.8.3] ==> [/usr/lib/gcc/i686-redhat-linux/4.8.3]
  collapse library dir [/usr/lib/gcc/i686-redhat-linux/4.8.3/../../..] ==> [/usr/lib]
  implicit libs: [c]
  implicit dirs: [/usr/lib/gcc/i686-redhat-linux/4.8.3;/usr/lib]
  implicit fwks: []


Determining if the CXX compiler works passed with the following output:
Change Dir: /home/nelson/cpp/smart pointers/unique_pointer_v2/build/CMakeFiles/CMakeTmp

Run Build Command:/usr/bin/gmake "cmTryCompileExec3867208192/fast"
/usr/bin/gmake -f CMakeFiles/cmTryCompileExec3867208192.dir/build.make CMakeFiles/cmTryCompileExec3867208192.dir/build
gmake[1]: Entering directory `/home/nelson/cpp/smart pointers/unique_pointer_v2/build/CMakeFiles/CMakeTmp'
/usr/bin/cmake -E cmake_progress_report "/home/nelson/cpp/smart pointers/unique_pointer_v2/build/CMakeFiles/CMakeTmp/CMakeFiles" 1
Building CXX object CMakeFiles/cmTryCompileExec3867208192.dir/testCXXCompiler.cxx.o
/usr/bin/c++     -o CMakeFiles/cmTryCompileExec3867208192.dir/testCXXCompiler.cxx.o -c "/home/nelson/cpp/smart pointers/unique_pointer_v2/build/CMakeFiles/CMakeTmp/testCXXCompiler.cxx"
Linking CXX executable cmTryCompileExec3867208192
/usr/bin/cmake -E cmake_link_script CMakeFiles/cmTryCompileExec3867208192.dir/link.txt --verbose=1
/usr/bin/c++        CMakeFiles/cmTryCompileExec3867208192.dir/testCXXCompiler.cxx.o  -o cmTryCompileExec3867208192 -rdynamic 
gmake[1]: Leaving directory `/home/nelson/cpp/smart pointers/unique_pointer_v2/build/CMakeFiles/CMakeTmp'


Detecting CXX compiler ABI info compiled with the following output:
Change Dir: /home/nelson/cpp/smart pointers/unique_pointer_v2/build/CMakeFiles/CMakeTmp

Run Build Command:/usr/bin/gmake "cmTryCompileExec2385201937/fast"
/usr/bin/gmake -f CMakeFiles/cmTryCompileExec2385201937.dir/build.make CMakeFiles/cmTryCompileExec2385201937.dir/build
gmake[1]: Entering directory `/home/nelson/cpp/smart pointers/unique_pointer_v2/build/CMakeFiles/CMakeTmp'
/usr/bin/cmake -E cmake_progress_report "/home/nelson/cpp/smart pointers/unique_pointer_v2/build/CMakeFiles/CMakeTmp/CMakeFiles" 1
Building CXX object CMakeFiles/cmTryCompileExec2385201937.dir/CMakeCXXCompilerABI.cpp.o
/usr/bin/c++     -o CMakeFiles/cmTryCompileExec2385201937.dir/CMakeCXXCompilerABI.cpp.o -c /usr/share/cmake/Modules/CMakeCXXCompilerABI.cpp
Linking CXX executable cmTryCompileExec2385201937
/usr/bin/cmake -E cmake_link_script CMakeFiles/cmTryCompileExec2385201937.dir/link.txt --verbose=1
/usr/bin/c++      -v CMakeFiles/cmTryCompileExec2385201937.dir/CMakeCXXCompilerABI.cpp.o  -o cmTryCompileExec2385201937 -rdynamic  
Using built-in specs.
COLLECT_GCC=/usr/bin/c++
COLLECT_LTO_WRAPPER=/usr/libexec/gcc/i686-redhat-linux/4.8.3/lto-wrapper
Target: i686-redhat-linux
Configured with: ../configure --prefix=/usr --mandir=/usr/share/man --infodir=/usr/share/info --with-bugurl=http://bugzilla.redhat.com/bugzilla --enable-bootstrap --enable-shared --enable-threads=posix --enable-checking=release --with-system-zlib --enable-__cxa_atexit --disable-libunwind-exceptions --enable-gnu-unique-object --enable-linker-build-id --with-linker-hash-style=gnu --enable-languages=c,c++,objc,obj-c++,java,fortran,ada,go,lto --enable-plugin --enable-initfini-array --enable-java-awt=gtk --disable-dssi --with-java-home=/usr/lib/jvm/java-1.5.0-gcj-1.5.0.0/jre --enable-libgcj-multifile --enable-java-maintainer-mode --with-ecj-jar=/usr/share/java/eclipse-ecj.jar --disable-libjava-multilib --with-isl=/builddir/build/BUILD/gcc-4.8.3-20140911/obj-i686-redhat-linux/isl-install --with-cloog=/builddir/build/BUILD/gcc-4.8.3-20140911/obj-i686-redhat-linux/cloog-install --with-tune=generic --with-arch=i686 --build=i686-redhat-linux
Thread model: posix
gcc version 4.8.3 20140911 (Red Hat 4.8.3-7) (GCC) 
COMPILER_PATH=/usr/libexec/gcc/i686-redhat-linux/4.8.3/:/usr/libexec/gcc/i686-redhat-linux/4.8.3/:/usr/libexec/gcc/i686-redhat-linux/:/usr/lib/gcc/i686-redhat-linux/4.8.3/:/usr/lib/gcc/i686-redhat-linux/
LIBRARY_PATH=/usr/lib/gcc/i686-redhat-linux/4.8.3/:/usr/lib/gcc/i686-redhat-linux/4.8.3/../../../:/lib/:/usr/lib/
COLLECT_GCC_OPTIONS='-v' '-o' 'cmTryCompileExec2385201937' '-rdynamic' '-shared-libgcc' '-mtune=generic' '-march=i686'
 /usr/libexec/gcc/i686-redhat-linux/4.8.3/collect2 --build-id --no-add-needed --eh-frame-hdr --hash-style=gnu -m elf_i386 -export-dynamic -dynamic-linker /lib/ld-linux.so.2 -o cmTryCompileExec2385201937 /usr/lib/gcc/i686-redhat-linux/4.8.3/../../../crt1.o /usr/lib/gcc/i686-redhat-linux/4.8.3/../../../crti.o /usr/lib/gcc/i686-redhat-linux/4.8.3/crtbegin.o -L/usr/lib/gcc/i686-redhat-linux/4.8.3 -L/usr/lib/gcc/i686-redhat-linux/4.8.3/../../.. CMakeFiles/cmTryCompileExec2385201937.dir/CMakeCXXCompilerABI.cpp.o -lstdc++ -lm -lgcc_s -lgcc -lc -lgcc_s -lgcc /usr/lib/gcc/i686-redhat-linux/4.8.3/crtend.o /usr/lib/gcc/i686-redhat-linux/4.8.3/../../../crtn.o
gmake[1]: Leaving directory `/home/nelson/cpp/smart pointers/unique_pointer_v2/build/CMakeFiles/CMakeTmp'


Parsed CXX implicit link information from above output:
  link line regex: [^( *|.*[/\])(ld|([^/\]+-)?ld|collect2)[^/\]*( |$)]
  ignore line: [Change Dir: /home/nelson/cpp/smart pointers/unique_pointer_v2/build/CMakeFiles/CMakeTmp]
  ignore line: []
  ignore line: [Run Build Command:/usr/bin/gmake "cmTryCompileExec2385201937/fast"]
  ignore line: [/usr/bin/gmake -f CMakeFiles/cmTryCompileExec2385201937.dir/build.make CMakeFiles/cmTryCompileExec2385201937.dir/build]
  ignore line: [gmake[1]: Entering directory `/home/nelson/cpp/smart pointers/unique_pointer_v2/build/CMakeFiles/CMakeTmp']
  ignore line: [/usr/bin/cmake -E cmake_progress_report "/home/nelson/cpp/smart pointers/unique_pointer_v2/build/CMakeFiles/CMakeTmp/CMakeFiles" 1]
  ignore line: [Building CXX object CMakeFiles/cmTryCompileExec2385201937.dir/CMakeCXXCompilerABI.cpp.o]
  ignore line: [/usr/bin/c++     -o CMakeFiles/cmTryCompileExec2385201937.dir/CMakeCXXCompilerABI.cpp.o -c /usr/share/cmake/Modules/CMakeCXXCompilerABI.cpp]
  ignore line: [Linking CXX executable cmTryCompileExec2385201937]
  ignore line: [/usr/bin/cmake -E cmake_link_script CMakeFiles/cmTryCompileExec2385201937.dir/link.txt --verbose=1]
  ignore line: [/usr/bin/c++      -v CMakeFiles/cmTryCompileExec2385201937.dir/CMakeCXXCompilerABI.cpp.o  -o cmTryCompileExec2385201937 -rdynamic  ]
  ignore line: [Using built-in specs.]
  ignore line: [COLLECT_GCC=/usr/bin/c++]
  ignore line: [COLLECT_LTO_WRAPPER=/usr/libexec/gcc/i686-redhat-linux/4.8.3/lto-wrapper]
  ignore line: [Target: i686-redhat-linux]
  ignore line: [Configured with: ../configure --prefix=/usr --mandir=/usr/share/man --infodir=/usr/share/info --with-bugurl=http://bugzilla.redhat.com/bugzilla --enable-bootstrap --enable-shared --enable-threads=posix --enable-checking=release --with-system-zlib --enable-__cxa_atexit --disable-libunwind-exceptions --enable-gnu-unique-object --enable-linker-build-id --with-linker-hash-style=gnu --enable-languages=c,c++,objc,obj-c++,java,fortran,ada,go,lto --enable-plugin --enable-initfini-array --enable-java-awt=gtk --disable-dssi --with-java-home=/usr/lib/jvm/java-1.5.0-gcj-1.5.0.0/jre --enable-libgcj-multifile --enable-java-maintainer-mode --with-ecj-jar=/usr/share/java/eclipse-ecj.jar --disable-libjava-multilib --with-isl=/builddir/build/BUILD/gcc-4.8.3-20140911/obj-i686-redhat-linux/isl-install --with-cloog=/builddir/build/BUILD/gcc-4.8.3-20140911/obj-i686-redhat-linux/cloog-install --with-tune=generic --with-arch=i686 --build=i686-redhat-linux]
  ignore line: [Thread model: posix]
  ignore line: [gcc version 4.8.3 20140911 (Red Hat 4.8.3-7) (GCC) ]
  ignore line: [COMPILER_PATH=/usr/libexec/gcc/i686-redhat-linux/4.8.3/:/usr/libexec/gcc/i686-redhat-linux/4.8.3/:/usr/libexec/gcc/i686-redhat-linux/:/usr/lib/gcc/i686-redhat-linux/4.8.3/:/usr/lib/gcc/i686-redhat-linux/]
  ignore line: [LIBRARY_PATH=/usr/lib/gcc/i686-redhat-linux/4.8.3/:/usr/lib/gcc/i686-redhat-linux/4.8.3/../../../:/lib/:/usr/lib/]
  ignore line: [COLLECT_GCC_OPTIONS='-v' '-o' 'cmTryCompileExec2385201937' '-rdynamic' '-shared-libgcc' '-mtune=generic' '-march=i686']
  link line: [ /usr/libexec/gcc/i686-redhat-linux/4.8.3/collect2 --build-id --no-add-needed --eh-frame-hdr --hash-style=gnu -m elf_i386 -export-dynamic -dynamic-linker /lib/ld-linux.so.2 -o cmTryCompileExec2385201937 /usr/lib/gcc/i686-redhat-linux/4.8.3/../../../crt1.o /usr/lib/gcc/i686-redhat-linux/4.8.3/../../../crti.o /usr/lib/gcc/i686-redhat-linux/4.8.3/crtbegin.o -L/usr/lib/gcc/i686-redhat-linux/4.8.3 -L/usr/lib/gcc/i686-redhat-linux/4.8.3/../../.. CMakeFiles/cmTryCompileExec2385201937.dir/CMakeCXXCompilerABI.cpp.o -lstdc++ -lm -lgcc_s -lgcc -lc -lgcc_s -lgcc /usr/lib/gcc/i686-redhat-linux/4.8.3/crtend.o /usr/lib/gcc/i686-redhat-linux/4.8.3/../../../crtn.o]
    arg [/usr/libexec/gcc/i686-redhat-linux/4.8.3/collect2] ==> ignore
    arg [--build-id] ==> ignore
    arg [--no-add-needed] ==> ignore
    arg [--eh-frame-hdr] ==> ignore
    arg [--hash-style=gnu] ==> ignore
    arg [-m] ==> ignore
    arg [elf_i386] ==> ignore
    arg [-export-dynamic] ==> ignore
    arg [-dynamic-linker] ==> ignore
    arg [/lib/ld-linux.so.2] ==> ignore
    arg [-o] ==> ignore
    arg [cmTryCompileExec2385201937] ==> ignore
    arg [/usr/lib/gcc/i686-redhat-linux/4.8.3/../../../crt1.o] ==> ignore
    arg [/usr/lib/gcc/i686-redhat-linux/4.8.3/../../../crti.o] ==> ignore
    arg [/usr/lib/gcc/i686-redhat-linux/4.8.3/crtbegin.o] ==> ignore
    arg [-L/usr/lib/gcc/i686-redhat-linux/4.8.3] ==> dir [/usr/lib/gcc/i686-redhat-linux/4.8.3]
    arg [-L/usr/lib/gcc/i686-redhat-linux/4.8.3/../../..] ==> dir [/usr/lib/gcc/i686-redhat-linux/4.8.3/../../..]
    arg [CMakeFiles/cmTryCompileExec2385201937.dir/CMakeCXXCompilerABI.cpp.o] ==> ignore
    arg [-lstdc++] ==> lib [stdc++]
    arg [-lm] ==> lib [m]
    arg [-lgcc_s] ==> lib [gcc_s]
    arg [-lgcc] ==> lib [gcc]
    arg [-lc] ==> lib [c]
    arg [-lgcc_s] ==> lib [gcc_s]
    arg [-lgcc] ==> lib [gcc]
    arg [/usr/lib/gcc/i686-redhat-linux/4.8.3/crtend.o] ==> ignore
    arg [/usr/lib/gcc/i686-redhat-linux/4.8.3/../../../crtn.o] ==> ignore
  remove lib [gcc_s]
  remove lib [gcc]
  remove lib [gcc_s]
  remove lib [gcc]
  collapse library dir [/usr/lib/gcc/i686-redhat-linux/4.8.3] ==> [/usr/lib/gcc/i686-redhat-linux/4.8.3]
  collapse library dir [/usr/lib/gcc/i686-redhat-linux/4.8.3/../../..] ==> [/usr/lib]
  implicit libs: [stdc++;m;c]
  implicit dirs: [/usr/lib/gcc/i686-redhat-linux/4.8.3;/usr/lib]
  implicit fwks: []


Performing C++ SOURCE FILE Test COMPILER_SUPPORTS_CXX11 succeded with the following output:
Change Dir: /home/nelson/cpp/smart pointers/unique_pointer_v2/build/CMakeFiles/CMakeTmp

Run Build Command:/usr/bin/gmake "cmTryCompileExec2467059254/fast"
/usr/bin/gmake -f CMakeFiles/cmTryCompileExec2467059254.dir/build.make CMakeFiles/cmTryCompileExec2467059254.dir/build
gmake[1]: Entering directory `/home/nelson/cpp/smart pointers/unique_pointer_v2/build/CMakeFiles/CMakeTmp'
/usr/bin/cmake -E cmake_progress_report "/home/nelson/cpp/smart pointers/unique_pointer_v2/build/CMakeFiles/CMakeTmp/CMakeFiles" 1
Building CXX object CMakeFiles/cmTryCompileExec2467059254.dir/src.cxx.o
/usr/bin/c++    -DCOMPILER_SUPPORTS_CXX11   -std=c++11 -o CMakeFiles/cmTryCompileExec2467059254.dir/src.cxx.o -c "/home/nelson/cpp/smart pointers/unique_pointer_v2/build/CMakeFiles/CMakeTmp/src.cxx"
Linking CXX executable cmTryCompileExec2467059254
/usr/bin/cmake -E cmake_link_script CMakeFiles/cmTryCompileExec2467059254.dir/link.txt --verbose=1
/usr/bin/c++    -DCOMPILER_SUPPORTS_CXX11    CMakeFiles/cmTryCompileExec2467059254.dir/src.cxx.o  -o cmTryCompileExec2467059254 -rdynamic 
gmake[1]: Leaving directory `/home/nelson/cpp/smart pointers/unique_pointer_v2/build/CMakeFiles/CMakeTmp'

Source file was:
int main() { return 0;}
Performing C++ SOURCE FILE Test COMPILER_SUPPORTS_CXX0X succeded with the following output:
Change Dir: /home/nelson/cpp/smart pointers/unique_pointer_v2/build/CMakeFiles/CMakeTmp

Run Build Command:/usr/bin/gmake "cmTryCompileExec4145542253/fast"
/usr/bin/gmake -f CMakeFiles/cmTryCompileExec4145542253.dir/build.make CMakeFiles/cmTryCompileExec4145542253.dir/build
gmake[1]: Entering directory `/home/nelson/cpp/smart pointers/unique_pointer_v2/build/CMakeFiles/CMakeTmp'
/usr/bin/cmake -E cmake_progress_report "/home/nelson/cpp/smart pointers/unique_pointer_v2/build/CMakeFiles/CMakeTmp/CMakeFiles" 1
Building CXX object CMakeFiles/cmTryCompileExec4145542253.dir/src.cxx.o
/usr/bin/c++    -DCOMPILER_SUPPORTS_CXX0X   -std=c++0x -o CMakeFiles/cmTryCompileExec4145542253.dir/src.cxx.o -c "/home/nelson/cpp/smart pointers/unique_pointer_v2/build/CMakeFiles/CMakeTmp/src.cxx"
Linking CXX executable cmTryCompileExec4145542253
/usr/bin/cmake -E cmake_link_script CMakeFiles/cmTryCompileExec4145542253.dir/link.txt --verbose=1
/usr/bin/c++    -DCOMPILER_SUPPORTS_CXX0X    CMakeFiles/cmTryCompileExec4145542253.dir/src.cxx.o  -o cmTryCompileExec4145542253 -rdynamic 
gmake[1]: Leaving directory `/home/nelson/cpp/smart pointers/unique_pointer_v2/build/CMakeFiles/CMakeTmp'

Source file was:
int main() { return 0;}
